<?xml version="1.0" encoding="UTF-8"?>
<testsuite xmlns:xsi="http://www.w3.org/2001/XMLSchema-instance" xsi:noNamespaceSchemaLocation="https://maven.apache.org/surefire/maven-surefire-plugin/xsd/surefire-test-report.xsd" name="tests.Tests" time="23.23" tests="2" errors="0" skipped="0" failures="0">
  <properties>
[...]
</properties>
  <testcase name="haveNotificationTextTest" classname="tests.Tests" time="12.059"/>
  <testcase name="haveNewApplicationTest" classname="tests.Tests" time="11.08"/>
</testsuite>